2021-03-01 00:00:00+08:00 - [INFO]: initialize
2021-03-06 13:15:00+08:00 - [INFO]: BUY order 1 created #182627.7 @ 1.094030
2021-03-06 13:15:00+08:00 - [INFO]: BUY order 1 (MARKET) executed #182627.7 ENJ/USDT @ $1.094030; Commission: $199.800183; Available Cash: $0.017186; Position: #182627.7; Gross P&L : $0; Net P&L : $-199.800183
2021-03-06 13:30:00+08:00 - [INFO]: SELL order 2 created #180373.4 @ 1.103290
2021-03-06 13:30:00+08:00 - [INFO]: SELL order 2 (LIMIT) executed #180373.4 ENJ/USDT @ $1.107703; Commission: $199.800156; Available Cash: $199600.37333; Position: #2254.3; Gross P&L : $2466.245498200008; Net P&L : $2266.4453422000083
2021-03-06 13:30:00+08:00 - [INFO]: Trade closed, pnl: 2466.245498200008========
2021-03-06 14:15:00+08:00 - [INFO]: SELL order 3 created #176933.4 @ 1.124740
2021-03-06 14:30:00+08:00 - [INFO]: SELL order 4 created #178429.4 @ 1.115310
2021-03-06 14:30:00+08:00 - [INFO]: SELL order 4 (LIMIT) executed #2254.3 ENJ/USDT @ $1.123850; Commission: $2.533495; Available Cash: $202131.33489; Position: #0.0; Gross P&L : $67.22322599999991; Net P&L : $64.68973099999991
2021-03-06 14:30:00+08:00 - [INFO]: Trade closed, pnl: 67.22322599999991========
2021-03-06 15:45:00+08:00 - [INFO]: BUY order 5 created #182442.6 @ 1.095140
2021-03-06 15:45:00+08:00 - [INFO]: BUY order 5 (MARKET) executed #182442.6 ENJ/USDT @ $1.095140; Commission: $199.800189; Available Cash: $2131.345737; Position: #182442.6; Gross P&L : $0; Net P&L : $-199.800189
2021-03-06 16:45:00+08:00 - [INFO]: SELL order 6 created #179830.6 @ 1.106620
2021-03-06 17:00:00+08:00 - [INFO]: SELL order 7 created #180921.1 @ 1.099950
2021-03-06 17:00:00+08:00 - [INFO]: SELL order 7 (LIMIT) executed #180921.1 ENJ/USDT @ $1.106570; Commission: $200.201862; Available Cash: $202133.005502; Position: #1521.5; Gross P&L : $2067.9281730000093; Net P&L : $1867.7263110000094
2021-03-06 17:00:00+08:00 - [INFO]: Trade closed, pnl: 2067.9281730000093========
2021-03-06 17:15:00+08:00 - [INFO]: SELL order 8 created #179439.8 @ 1.109030
2021-03-06 21:30:00+08:00 - [INFO]: SELL order 9 created #171190.8 @ 1.162470
2021-03-06 21:30:00+08:00 - [INFO]: SELL order 9 (LIMIT) executed #1521.5 ENJ/USDT @ $1.167120; Commission: $1.775773; Available Cash: $203907.002809; Position: #0.0; Gross P&L : $109.51756999999989; Net P&L : $107.74179699999989
2021-03-06 21:30:00+08:00 - [INFO]: Trade closed, pnl: 109.51756999999989========
2021-03-07 00:00:00+08:00 - [INFO]: BUY order 10 created #174957.9 @ 1.141990
2021-03-07 00:00:00+08:00 - [INFO]: BUY order 10 (MARKET) executed #174957.9 ENJ/USDT @ $1.141990; Commission: $199.800172; Available Cash: $3907.030416; Position: #174957.9; Gross P&L : $0; Net P&L : $-199.800172
2021-03-07 00:45:00+08:00 - [INFO]: SELL order 11 created #172728.6 @ 1.152120
2021-03-07 00:45:00+08:00 - [INFO]: SELL order 11 (LIMIT) executed #172728.6 ENJ/USDT @ $1.156728; Commission: $199.800008; Available Cash: $203507.238429; Position: #2229.3; Gross P&L : $2545.674106799986; Net P&L : $2345.874098799986
2021-03-07 00:45:00+08:00 - [INFO]: Trade closed, pnl: 2545.674106799986========
2021-03-07 01:00:00+08:00 - [INFO]: SELL order 12 created #173101.3 @ 1.149640
2021-03-07 01:00:00+08:00 - [INFO]: SELL order 12 (LIMIT) executed #2229.3 ENJ/USDT @ $1.154239; Commission: $2.573145; Available Cash: $206077.810287; Position: #0.0; Gross P&L : $27.3066956999999; Net P&L : $24.7335506999999
2021-03-07 01:00:00+08:00 - [INFO]: Trade closed, pnl: 27.3066956999999========
2021-03-07 01:15:00+08:00 - [INFO]: BUY order 13 created #175204.9 @ 1.140380
2021-03-07 01:15:00+08:00 - [INFO]: BUY order 13 (MARKET) executed #175204.9 ENJ/USDT @ $1.140380; Commission: $199.800164; Available Cash: $6077.846261; Position: #175204.9; Gross P&L : $0; Net P&L : $-199.800164
2021-03-07 01:45:00+08:00 - [INFO]: SELL order 14 created #172578.9 @ 1.153120
2021-03-07 01:45:00+08:00 - [INFO]: SELL order 14 (LIMIT) executed #172578.9 ENJ/USDT @ $1.157732; Commission: $199.800115; Available Cash: $205678.161201; Position: #2626.0; Gross P&L : $2994.589072800006; Net P&L : $2794.788957800006
2021-03-07 01:45:00+08:00 - [INFO]: Trade closed, pnl: 2994.589072800006========
2021-03-07 02:00:00+08:00 - [INFO]: SELL order 15 created #165614.6 @ 1.201610
2021-03-07 02:15:00+08:00 - [INFO]: SELL order 16 created #166384.5 @ 1.196050
2021-03-07 02:15:00+08:00 - [INFO]: SELL order 16 (LIMIT) executed #2626.0 ENJ/USDT @ $1.201640; Commission: $3.155507; Available Cash: $208830.512334; Position: #0.0; Gross P&L : $160.86876000000024; Net P&L : $157.71325300000024
2021-03-07 02:15:00+08:00 - [INFO]: Trade closed, pnl: 160.86876000000024========
2021-03-07 02:45:00+08:00 - [INFO]: BUY order 17 created #170115.1 @ 1.174500
2021-03-07 02:45:00+08:00 - [INFO]: BUY order 17 (MARKET) executed #170115.1 ENJ/USDT @ $1.174500; Commission: $199.800185; Available Cash: $8830.527199; Position: #170115.1; Gross P&L : $0; Net P&L : $-199.800185
2021-03-07 03:30:00+08:00 - [INFO]: SELL order 18 created #165158.2 @ 1.204930
2021-03-07 03:30:00+08:00 - [INFO]: SELL order 18 (LIMIT) executed #165158.2 ENJ/USDT @ $1.209750; Commission: $199.800132; Available Cash: $208430.859517; Position: #4956.9; Gross P&L : $5821.826550000001; Net P&L : $5622.026418
2021-03-07 03:30:00+08:00 - [INFO]: Trade closed, pnl: 5821.826550000001========
2021-03-07 03:45:00+08:00 - [INFO]: SELL order 19 created #167517.5 @ 1.187960
2021-03-07 03:45:00+08:00 - [INFO]: SELL order 19 (LIMIT) executed #4956.9 ENJ/USDT @ $1.205510; Commission: $5.975593; Available Cash: $214400.476443; Position: #0.0; Gross P&L : $153.7134689999999; Net P&L : $147.7378759999999
2021-03-07 03:45:00+08:00 - [INFO]: Trade closed, pnl: 153.7134689999999========
2021-03-07 04:15:00+08:00 - [INFO]: BUY order 20 created #169165.9 @ 1.181090
2021-03-07 04:15:00+08:00 - [INFO]: BUY order 20 (MARKET) executed #169165.9 ENJ/USDT @ $1.181090; Commission: $199.800153; Available Cash: $14400.523459; Position: #169165.9; Gross P&L : $0; Net P&L : $-199.800153
2021-03-07 04:30:00+08:00 - [INFO]: SELL order 21 created #165343.5 @ 1.203580
2021-03-07 05:45:00+08:00 - [INFO]: SELL order 22 created #167102.6 @ 1.190910
2021-03-07 05:45:00+08:00 - [INFO]: SELL order 22 (LIMIT) executed #167102.6 ENJ/USDT @ $1.195674; Commission: $199.800234; Available Cash: $214000.957377; Position: #2063.3; Gross P&L : $2437.0243183999883; Net P&L : $2237.2240843999884
2021-03-07 05:45:00+08:00 - [INFO]: Trade closed, pnl: 2437.0243183999883========
2021-03-07 06:15:00+08:00 - [INFO]: SELL order 23 created #166748.3 @ 1.193440
2021-03-07 06:30:00+08:00 - [INFO]: SELL order 24 created #164935.1 @ 1.206560
2021-03-07 06:30:00+08:00 - [INFO]: SELL order 24 (LIMIT) executed #2063.3 ENJ/USDT @ $1.211386; Commission: $2.499453; Available Cash: $216497.910658; Position: #0.0; Gross P&L : $62.50973680000021; Net P&L : $60.01028380000021
2021-03-07 06:30:00+08:00 - [INFO]: Trade closed, pnl: 62.50973680000021========
2021-03-07 06:45:00+08:00 - [INFO]: BUY order 25 created #168196.1 @ 1.187900
2021-03-07 06:45:00+08:00 - [INFO]: BUY order 25 (MARKET) executed #168196.1 ENJ/USDT @ $1.187900; Commission: $199.800147; Available Cash: $16497.963321; Position: #168196.1; Gross P&L : $0; Net P&L : $-199.800147
2021-03-07 08:45:00+08:00 - [INFO]: SELL order 26 created #161951.3 @ 1.228790
2021-03-07 08:45:00+08:00 - [INFO]: SELL order 26 (LIMIT) executed #161951.3 ENJ/USDT @ $1.236080; Commission: $200.184763; Available Cash: $216482.541462; Position: #6244.8; Gross P&L : $7802.813634000017; Net P&L : $7602.628871000017
2021-03-07 08:45:00+08:00 - [INFO]: Trade closed, pnl: 7802.813634000017========
2021-03-07 10:30:00+08:00 - [INFO]: SELL order 27 created #162824.5 @ 1.222200
2021-03-07 10:30:00+08:00 - [INFO]: SELL order 27 (LIMIT) executed #6244.8 ENJ/USDT @ $1.240840; Commission: $7.748798; Available Cash: $224223.590296; Position: #0.0; Gross P&L : $330.59971199999995; Net P&L : $322.85091399999993
2021-03-07 10:30:00+08:00 - [INFO]: Trade closed, pnl: 330.59971199999995========
2021-03-07 10:45:00+08:00 - [INFO]: BUY order 28 created #161542.1 @ 1.236830
2021-03-07 10:45:00+08:00 - [INFO]: BUY order 28 (MARKET) executed #161542.1 ENJ/USDT @ $1.236830; Commission: $199.800116; Available Cash: $24223.674637; Position: #161542.1; Gross P&L : $0; Net P&L : $-199.800116
2021-03-07 11:00:00+08:00 - [INFO]: SELL order 29 created #160571.4 @ 1.239350
2021-03-07 12:00:00+08:00 - [INFO]: SELL order 30 created #152085.7 @ 1.308500
2021-03-07 12:15:00+08:00 - [INFO]: SELL order 31 created #151854.7 @ 1.310490
2021-03-07 12:15:00+08:00 - [INFO]: SELL order 31 (LIMIT) executed #151854.7 ENJ/USDT @ $1.315732; Commission: $199.800088; Available Cash: $223823.962689; Position: #9687.4; Gross P&L : $11981.639539399972; Net P&L : $11781.839451399972
2021-03-07 12:15:00+08:00 - [INFO]: Trade closed, pnl: 11981.639539399972========
2021-03-07 13:00:00+08:00 - [INFO]: SELL order 32 created #147158.7 @ 1.352310
2021-03-07 13:00:00+08:00 - [INFO]: SELL order 32 (LIMIT) executed #9687.4 ENJ/USDT @ $1.371340; Commission: $13.284719; Available Cash: $237095.397086; Position: #0.0; Gross P&L : $1303.052173999999; Net P&L : $1289.767454999999
2021-03-07 13:00:00+08:00 - [INFO]: Trade closed, pnl: 1303.052173999999========
2021-03-07 16:30:00+08:00 - [INFO]: BUY order 33 created #151030.8 @ 1.322910
2021-03-07 16:30:00+08:00 - [INFO]: BUY order 33 (MARKET) executed #151030.8 ENJ/USDT @ $1.322910; Commission: $199.800156; Available Cash: $37095.441302; Position: #151030.8; Gross P&L : $0; Net P&L : $-199.800156
2021-03-07 17:30:00+08:00 - [INFO]: SELL order 34 created #151104.1 @ 1.317000
2021-03-07 17:45:00+08:00 - [INFO]: SELL order 35 created #148976.4 @ 1.335810
2021-03-07 18:00:00+08:00 - [INFO]: SELL order 36 created #149964.3 @ 1.327010
2021-03-07 18:00:00+08:00 - [INFO]: SELL order 36 (LIMIT) executed #149964.3 ENJ/USDT @ $1.335350; Commission: $200.254828; Available Cash: $237150.014479; Position: #1066.5; Gross P&L : $1865.5558920000008; Net P&L : $1665.3010640000007
2021-03-07 18:00:00+08:00 - [INFO]: Trade closed, pnl: 1865.5558920000008========
2021-03-07 19:15:00+08:00 - [INFO]: SELL order 37 created #149127.1 @ 1.334460
2021-03-07 19:15:00+08:00 - [INFO]: SELL order 37 (LIMIT) executed #1066.5 ENJ/USDT @ $1.347610; Commission: $1.437226; Available Cash: $238585.803318; Position: #0.0; Gross P&L : $26.34254999999994; Net P&L : $24.90532399999994
2021-03-07 19:15:00+08:00 - [INFO]: Trade closed, pnl: 26.34254999999994========
2021-03-07 19:30:00+08:00 - [INFO]: BUY order 38 created #148772.6 @ 1.342990
2021-03-07 19:30:00+08:00 - [INFO]: BUY order 38 (MARKET) executed #148772.6 ENJ/USDT @ $1.342990; Commission: $199.800114; Available Cash: $38585.88913; Position: #148772.6; Gross P&L : $0; Net P&L : $-199.800114
2021-03-08 00:00:00+08:00 - [INFO]: SELL order 39 created #137779.2 @ 1.444370
2021-03-08 00:45:00+08:00 - [INFO]: SELL order 40 created #137596.3 @ 1.446290
2021-03-08 00:45:00+08:00 - [INFO]: SELL order 40 (LIMIT) executed #137596.3 ENJ/USDT @ $1.453850; Commission: $200.044381; Available Cash: $238430.225504; Position: #11176.3; Gross P&L : $15253.925818000023; Net P&L : $15053.881437000024
2021-03-08 00:45:00+08:00 - [INFO]: Trade closed, pnl: 15253.925818000023========
2021-03-08 01:00:00+08:00 - [INFO]: SELL order 41 created #136017.2 @ 1.463080
2021-03-08 01:00:00+08:00 - [INFO]: SELL order 41 (LIMIT) executed #11176.3 ENJ/USDT @ $1.468932; Commission: $16.417225; Available Cash: $254831.032991; Position: #0.0; Gross P&L : $1407.5655746; Net P&L : $1391.1483496
2021-03-08 01:00:00+08:00 - [INFO]: Trade closed, pnl: 1407.5655746========
2021-03-08 01:15:00+08:00 - [INFO]: BUY order 42 created #136003.6 @ 1.469080
2021-03-08 01:15:00+08:00 - [INFO]: BUY order 42 (MARKET) executed #136003.6 ENJ/USDT @ $1.469080; Commission: $199.800169; Available Cash: $54831.064134; Position: #136003.6; Gross P&L : $0; Net P&L : $-199.800169
2021-03-08 01:30:00+08:00 - [INFO]: SELL order 43 created #130665.9 @ 1.523000
2021-03-08 01:30:00+08:00 - [INFO]: SELL order 43 (LIMIT) executed #130665.9 ENJ/USDT @ $1.529092; Commission: $199.800182; Available Cash: $254431.446315; Position: #5337.7; Gross P&L : $7841.521990799994; Net P&L : $7641.721808799994
2021-03-08 01:30:00+08:00 - [INFO]: Trade closed, pnl: 7841.521990799994========
2021-03-08 01:45:00+08:00 - [INFO]: SELL order 44 created #125751.4 @ 1.582520
2021-03-08 01:45:00+08:00 - [INFO]: SELL order 44 (LIMIT) executed #5337.7 ENJ/USDT @ $1.588850; Commission: $8.480805; Available Cash: $262903.770155; Position: #0.0; Gross P&L : $639.2963290000008; Net P&L : $630.8155240000008
2021-03-08 01:45:00+08:00 - [INFO]: Trade closed, pnl: 639.2963290000008========
2021-03-08 02:30:00+08:00 - [INFO]: BUY order 45 created #132045.1 @ 1.513120
2021-03-08 02:30:00+08:00 - [INFO]: BUY order 45 (MARKET) executed #132045.1 ENJ/USDT @ $1.513120; Commission: $199.800082; Available Cash: $62903.888361; Position: #132045.1; Gross P&L : $0; Net P&L : $-199.800082
2021-03-08 02:45:00+08:00 - [INFO]: SELL order 46 created #128448.6 @ 1.549290
2021-03-08 03:15:00+08:00 - [INFO]: SELL order 47 created #126772.0 @ 1.569780
2021-03-08 03:30:00+08:00 - [INFO]: SELL order 48 created #121497.3 @ 1.637930
2021-03-08 03:30:00+08:00 - [INFO]: SELL order 48 (LIMIT) executed #121497.3 ENJ/USDT @ $1.644482; Commission: $199.800123; Available Cash: $262504.211137; Position: #10547.8; Gross P&L : $15960.128322599998; Net P&L : $15760.328199599997
2021-03-08 03:30:00+08:00 - [INFO]: Trade closed, pnl: 15960.128322599998========
2021-03-08 03:45:00+08:00 - [INFO]: SELL order 49 created #121258.9 @ 1.641150
2021-03-08 03:45:00+08:00 - [INFO]: SELL order 49 (LIMIT) executed #10547.8 ENJ/USDT @ $1.647715; Commission: $17.379768; Available Cash: $279866.599646; Position: #0.0; Gross P&L : $1419.681141; Net P&L : $1402.301373
2021-03-08 03:45:00+08:00 - [INFO]: Trade closed, pnl: 1419.681141========
2021-03-08 06:00:00+08:00 - [INFO]: BUY order 50 created #121925.2 @ 1.638710
2021-03-08 06:00:00+08:00 - [INFO]: BUY order 50 (MARKET) executed #121925.2 ENJ/USDT @ $1.638710; Commission: $199.800044; Available Cash: $79866.75511; Position: #121925.2; Gross P&L : $0; Net P&L : $-199.800044
2021-03-08 07:30:00+08:00 - [INFO]: SELL order 51 created #122458.0 @ 1.625080
2021-03-08 08:45:00+08:00 - [INFO]: SELL order 52 created #118297.1 @ 1.682240
2021-03-08 08:45:00+08:00 - [INFO]: SELL order 52 (LIMIT) executed #118297.1 ENJ/USDT @ $1.688969; Commission: $199.800135; Available Cash: $279467.089665; Position: #3628.1; Gross P&L : $5945.493948899981; Net P&L : $5745.69381389998
2021-03-08 08:45:00+08:00 - [INFO]: Trade closed, pnl: 5945.493948899981========
2021-03-08 10:00:00+08:00 - [INFO]: SELL order 53 created #121288.5 @ 1.640750
2021-03-08 10:00:00+08:00 - [INFO]: SELL order 53 (LIMIT) executed #3628.1 ENJ/USDT @ $1.647313; Commission: $5.976616; Available Cash: $285437.729344; Position: #0.0; Gross P&L : $31.212544299999696; Net P&L : $25.235928299999696
2021-03-08 10:00:00+08:00 - [INFO]: Trade closed, pnl: 31.212544299999696========
2021-03-08 10:15:00+08:00 - [INFO]: BUY order 54 created #117751.8 @ 1.696790
2021-03-08 10:15:00+08:00 - [INFO]: BUY order 54 (MARKET) executed #117751.8 ENJ/USDT @ $1.696790; Commission: $199.800077; Available Cash: $85437.852545; Position: #117751.8; Gross P&L : $0; Net P&L : $-199.800077
2021-03-08 10:30:00+08:00 - [INFO]: SELL order 55 created #119038.7 @ 1.671760
2021-03-08 10:30:00+08:00 - [INFO]: SELL order 55 (LIMIT) executed #117751.8 ENJ/USDT @ $1.696620; Commission: $199.780059; Available Cash: $285018.131402; Position: #0.0; Gross P&L : $-20.01780600000041; Net P&L : $-219.7978650000004
2021-03-08 10:30:00+08:00 - [INFO]: Trade closed, pnl: -20.01780600000041========
2021-03-08 11:00:00+08:00 - [INFO]: BUY order 56 created #118677.9 @ 1.683550
2021-03-08 11:00:00+08:00 - [INFO]: BUY order 56 (MARKET) executed #118677.9 ENJ/USDT @ $1.683550; Commission: $199.800179; Available Cash: $85018.152678; Position: #118677.9; Gross P&L : $0; Net P&L : $-199.800179
2021-03-08 12:00:00+08:00 - [INFO]: SELL order 57 created #115460.4 @ 1.723570
2021-03-08 12:15:00+08:00 - [INFO]: SELL order 58 created #117521.6 @ 1.693340
2021-03-08 12:15:00+08:00 - [INFO]: SELL order 58 (LIMIT) executed #117521.6 ENJ/USDT @ $1.723130; Commission: $202.504995; Available Cash: $287320.642291; Position: #1156.3; Gross P&L : $4651.504927999994; Net P&L : $4448.999932999994
2021-03-08 12:15:00+08:00 - [INFO]: Trade closed, pnl: 4651.504927999994========
2021-03-08 12:30:00+08:00 - [INFO]: SELL order 59 created #117862.0 @ 1.688450
2021-03-08 12:30:00+08:00 - [INFO]: SELL order 59 (LIMIT) executed #1156.3 ENJ/USDT @ $1.695204; Commission: $1.960164; Available Cash: $289278.846512; Position: #0.0; Gross P&L : $13.475520199999805; Net P&L : $11.515356199999804
2021-03-08 12:30:00+08:00 - [INFO]: Trade closed, pnl: 13.475520199999805========
2021-03-08 13:30:00+08:00 - [INFO]: BUY order 60 created #122659.5 @ 1.628900
2021-03-08 13:30:00+08:00 - [INFO]: BUY order 60 (MARKET) executed #122659.5 ENJ/USDT @ $1.628900; Commission: $199.80006; Available Cash: $89278.986902; Position: #122659.5; Gross P&L : $0; Net P&L : $-199.80006
2021-03-08 13:45:00+08:00 - [INFO]: SELL order 61 created #120856.1 @ 1.646620
2021-03-08 14:00:00+08:00 - [INFO]: SELL order 62 created #122265.4 @ 1.627640
2021-03-08 14:00:00+08:00 - [INFO]: SELL order 62 (LIMIT) executed #122265.4 ENJ/USDT @ $1.646630; Commission: $201.325876; Available Cash: $290403.536628; Position: #394.1; Gross P&L : $2167.765542000003; Net P&L : $1966.439666000003
2021-03-08 14:00:00+08:00 - [INFO]: Trade closed, pnl: 2167.765542000003========
2021-03-08 14:15:00+08:00 - [INFO]: SELL order 63 created #119239.1 @ 1.668950
2021-03-08 14:15:00+08:00 - [INFO]: SELL order 63 (LIMIT) executed #394.1 ENJ/USDT @ $1.675626; Commission: $0.660364; Available Cash: $291063.240471; Position: #0.0; Gross P&L : $18.41471660000002; Net P&L : $17.75435260000002
2021-03-08 14:15:00+08:00 - [INFO]: Trade closed, pnl: 18.41471660000002========
2021-03-08 14:45:00+08:00 - [INFO]: BUY order 64 created #119597.8 @ 1.670600
2021-03-08 14:45:00+08:00 - [INFO]: BUY order 64 (MARKET) executed #119597.8 ENJ/USDT @ $1.670600; Commission: $199.800085; Available Cash: $91063.355706; Position: #119597.8; Gross P&L : $0; Net P&L : $-199.800085
2021-03-08 23:00:00+08:00 - [INFO]: SELL order 65 created #112115.0 @ 1.775000
2021-03-08 23:00:00+08:00 - [INFO]: SELL order 65 (LIMIT) executed #112115.0 ENJ/USDT @ $1.855750; Commission: $208.057411; Available Cash: $298912.709545; Position: #7482.8; Gross P&L : $20758.09224999999; Net P&L : $20550.03483899999
2021-03-08 23:00:00+08:00 - [INFO]: Trade closed, pnl: 20758.09224999999========
2021-03-09 00:30:00+08:00 - [INFO]: SELL order 66 created #107221.5 @ 1.856010
2021-03-09 00:30:00+08:00 - [INFO]: SELL order 66 (LIMIT) executed #7482.8 ENJ/USDT @ $1.863434; Commission: $13.943704; Available Cash: $312842.469776; Position: #0.0; Gross P&L : $1442.9382551999997; Net P&L : $1428.9945511999997
2021-03-09 00:30:00+08:00 - [INFO]: Trade closed, pnl: 1442.9382551999997========
2021-03-09 02:15:00+08:00 - [INFO]: BUY order 67 created #105417.6 @ 1.895320
2021-03-09 02:15:00+08:00 - [INFO]: BUY order 67 (MARKET) executed #105417.6 ENJ/USDT @ $1.895320; Commission: $199.800086; Available Cash: $112842.584058; Position: #105417.6; Gross P&L : $0; Net P&L : $-199.800086
2021-03-09 02:45:00+08:00 - [INFO]: SELL order 68 created #107346.4 @ 1.853850
2021-03-09 02:45:00+08:00 - [INFO]: SELL order 68 (LIMIT) executed #105417.6 ENJ/USDT @ $1.909250; Commission: $201.268553; Available Cash: $313909.868305; Position: #0.0; Gross P&L : $1468.467168; Net P&L : $1267.1986149999998
2021-03-09 02:45:00+08:00 - [INFO]: Trade closed, pnl: 1468.467168========
2021-03-09 03:30:00+08:00 - [INFO]: BUY order 69 created #109811.1 @ 1.819490
2021-03-09 03:30:00+08:00 - [INFO]: BUY order 69 (MARKET) executed #109811.1 ENJ/USDT @ $1.819490; Commission: $199.800198; Available Cash: $113909.869768; Position: #109811.1; Gross P&L : $0; Net P&L : $-199.800198
2021-03-09 03:45:00+08:00 - [INFO]: SELL order 70 created #109991.4 @ 1.809270
2021-03-09 03:45:00+08:00 - [INFO]: SELL order 70 (LIMIT) executed #109811.1 ENJ/USDT @ $1.817810; Commission: $199.615716; Available Cash: $313325.969743; Position: #0.0; Gross P&L : $-184.48264800001382; Net P&L : $-384.0983640000138
2021-03-09 03:45:00+08:00 - [INFO]: Trade closed, pnl: -184.48264800001382========
2021-03-09 04:15:00+08:00 - [INFO]: BUY order 71 created #108912.0 @ 1.834510
2021-03-09 04:15:00+08:00 - [INFO]: BUY order 71 (MARKET) executed #108912.0 ENJ/USDT @ $1.834510; Commission: $199.800153; Available Cash: $113326.01647; Position: #108912.0; Gross P&L : $0; Net P&L : $-199.800153
2021-03-09 04:30:00+08:00 - [INFO]: SELL order 72 created #109463.8 @ 1.817990
2021-03-09 04:30:00+08:00 - [INFO]: SELL order 72 (LIMIT) executed #108912.0 ENJ/USDT @ $1.833770; Commission: $199.719558; Available Cash: $312845.855152; Position: #0.0; Gross P&L : $-80.59488000002014; Net P&L : $-280.3144380000201
2021-03-09 04:30:00+08:00 - [INFO]: Trade closed, pnl: -80.59488000002014========
2021-03-09 04:45:00+08:00 - [INFO]: BUY order 73 created #111461.4 @ 1.792550
2021-03-09 04:45:00+08:00 - [INFO]: BUY order 73 (MARKET) executed #111461.4 ENJ/USDT @ $1.792550; Commission: $199.800133; Available Cash: $112845.922449; Position: #111461.4; Gross P&L : $0; Net P&L : $-199.800133
2021-03-09 11:15:00+08:00 - [INFO]: SELL order 74 created #113406.9 @ 1.754780
2021-03-09 11:15:00+08:00 - [INFO]: SELL order 74 (LIMIT) executed #111461.4 ENJ/USDT @ $1.782530; Commission: $198.683289; Available Cash: $311330.528502; Position: #0.0; Gross P&L : $-1116.8432280000156; Net P&L : $-1315.5265170000157
2021-03-09 11:15:00+08:00 - [INFO]: Trade closed, pnl: -1116.8432280000156========
2021-03-09 11:30:00+08:00 - [INFO]: BUY order 75 created #112783.3 @ 1.771540
2021-03-09 11:30:00+08:00 - [INFO]: BUY order 75 (MARKET) executed #112783.3 ENJ/USDT @ $1.771540; Commission: $199.800127; Available Cash: $111330.601093; Position: #112783.3; Gross P&L : $0; Net P&L : $-199.800127
2021-03-09 13:00:00+08:00 - [INFO]: SELL order 76 created #116267.2 @ 1.711610
2021-03-09 13:00:00+08:00 - [INFO]: SELL order 76 (LIMIT) executed #112783.3 ENJ/USDT @ $1.718456; Commission: $193.813139; Available Cash: $304949.926539; Position: #0.0; Gross P&L : $-5986.9886971999895; Net P&L : $-6180.801836199989
2021-03-09 13:00:00+08:00 - [INFO]: Trade closed, pnl: -5986.9886971999895========
2021-03-09 13:15:00+08:00 - [INFO]: BUY order 77 created #116067.0 @ 1.721420
2021-03-09 13:15:00+08:00 - [INFO]: BUY order 77 (MARKET) executed #116067.0 ENJ/USDT @ $1.721420; Commission: $199.800055; Available Cash: $104950.071344; Position: #116067.0; Gross P&L : $0; Net P&L : $-199.800055
2021-03-09 14:15:00+08:00 - [INFO]: SELL order 78 created #116362.4 @ 1.710210
2021-03-09 14:15:00+08:00 - [INFO]: SELL order 78 (LIMIT) executed #116067.0 ENJ/USDT @ $1.717051; Commission: $199.292958; Available Cash: $304043.736803; Position: #0.0; Gross P&L : $-507.09672299998203; Net P&L : $-706.389680999982
2021-03-09 14:15:00+08:00 - [INFO]: Trade closed, pnl: -507.09672299998203========
2021-03-09 18:30:00+08:00 - [INFO]: BUY order 79 created #120825.2 @ 1.653630
2021-03-09 18:30:00+08:00 - [INFO]: BUY order 79 (MARKET) executed #120825.2 ENJ/USDT @ $1.653630; Commission: $199.800175; Available Cash: $104043.761152; Position: #120825.2; Gross P&L : $0; Net P&L : $-199.800175
2021-03-09 18:45:00+08:00 - [INFO]: SELL order 80 created #118792.1 @ 1.675230
2021-03-09 18:45:00+08:00 - [INFO]: SELL order 80 (LIMIT) executed #118792.1 ENJ/USDT @ $1.681931; Commission: $199.800116; Available Cash: $303644.076581; Position: #2033.1; Gross P&L : $3361.935222100016; Net P&L : $3162.135106100016
2021-03-09 18:45:00+08:00 - [INFO]: Trade closed, pnl: 3361.935222100016========
2021-03-09 21:45:00+08:00 - [INFO]: SELL order 81 created #111306.1 @ 1.787900
2021-03-09 23:00:00+08:00 - [INFO]: SELL order 82 created #115431.6 @ 1.724000
2021-03-09 23:00:00+08:00 - [INFO]: SELL order 82 (LIMIT) executed #2033.1 ENJ/USDT @ $1.730896; Commission: $3.519085; Available Cash: $307159.642154; Position: #0.0; Gross P&L : $157.0895046000001; Net P&L : $153.57041960000012
2021-03-09 23:00:00+08:00 - [INFO]: Trade closed, pnl: 157.0895046000001========
2021-03-10 00:30:00+08:00 - [INFO]: BUY order 83 created #119147.8 @ 1.676910
2021-03-10 00:30:00+08:00 - [INFO]: BUY order 83 (MARKET) executed #119147.8 ENJ/USDT @ $1.676910; Commission: $199.800137; Available Cash: $107159.704719; Position: #119147.8; Gross P&L : $0; Net P&L : $-199.800137
2021-03-10 01:00:00+08:00 - [INFO]: SELL order 84 created #120049.8 @ 1.657680
2021-03-10 01:00:00+08:00 - [INFO]: SELL order 84 (LIMIT) executed #119147.8 ENJ/USDT @ $1.684090; Commission: $200.655619; Available Cash: $307614.667602; Position: #0.0; Gross P&L : $855.4812040000222; Net P&L : $654.8255850000222
2021-03-10 01:00:00+08:00 - [INFO]: Trade closed, pnl: 855.4812040000222========
2021-03-10 06:00:00+08:00 - [INFO]: BUY order 85 created #119142.8 @ 1.676980
2021-03-10 06:00:00+08:00 - [INFO]: BUY order 85 (MARKET) executed #119142.8 ENJ/USDT @ $1.676980; Commission: $199.800093; Available Cash: $107614.774765; Position: #119142.8; Gross P&L : $0; Net P&L : $-199.800093
2021-03-10 07:15:00+08:00 - [INFO]: SELL order 86 created #118020.7 @ 1.686180
2021-03-10 08:30:00+08:00 - [INFO]: SELL order 87 created #118534.5 @ 1.678870
2021-03-10 08:30:00+08:00 - [INFO]: SELL order 87 (LIMIT) executed #118534.5 ENJ/USDT @ $1.685585; Commission: $199.799975; Available Cash: $307214.949973; Position: #608.3; Gross P&L : $1019.9893725000233; Net P&L : $820.1893975000232
2021-03-10 08:30:00+08:00 - [INFO]: Trade closed, pnl: 1019.9893725000233========
2021-03-10 08:45:00+08:00 - [INFO]: SELL order 88 created #116653.6 @ 1.705940
2021-03-10 09:00:00+08:00 - [INFO]: SELL order 89 created #117106.7 @ 1.699340
2021-03-10 09:00:00+08:00 - [INFO]: SELL order 89 (LIMIT) executed #608.3 ENJ/USDT @ $1.706137; Commission: $1.037843; Available Cash: $308251.755267; Position: #0.0; Gross P&L : $17.736203100000058; Net P&L : $16.69836010000006
2021-03-10 09:00:00+08:00 - [INFO]: Trade closed, pnl: 17.736203100000058========
2021-03-10 10:30:00+08:00 - [INFO]: BUY order 90 created #119950.4 @ 1.665690
2021-03-10 10:30:00+08:00 - [INFO]: BUY order 90 (MARKET) executed #119950.4 ENJ/USDT @ $1.665690; Commission: $199.800182; Available Cash: $108251.773309; Position: #119950.4; Gross P&L : $0; Net P&L : $-199.800182
2021-03-10 10:45:00+08:00 - [INFO]: SELL order 91 created #120313.2 @ 1.654050
2021-03-10 10:45:00+08:00 - [INFO]: SELL order 91 (LIMIT) executed #119950.4 ENJ/USDT @ $1.665450; Commission: $199.771394; Available Cash: $307823.395595; Position: #0.0; Gross P&L : $-28.78809599997552; Net P&L : $-228.5594899999755
2021-03-10 10:45:00+08:00 - [INFO]: Trade closed, pnl: -28.78809599997552========
2021-03-10 13:45:00+08:00 - [INFO]: BUY order 92 created #119570.6 @ 1.670980
2021-03-10 13:45:00+08:00 - [INFO]: BUY order 92 (MARKET) executed #119570.6 ENJ/USDT @ $1.670980; Commission: $199.800081; Available Cash: $107823.514326; Position: #119570.6; Gross P&L : $0; Net P&L : $-199.800081
2021-03-10 14:00:00+08:00 - [INFO]: SELL order 93 created #118849.6 @ 1.674420
2021-03-10 14:15:00+08:00 - [INFO]: SELL order 94 created #118712.7 @ 1.676350
2021-03-10 14:30:00+08:00 - [INFO]: SELL order 95 created #120265.2 @ 1.654710
2021-03-10 14:30:00+08:00 - [INFO]: SELL order 95 (LIMIT) executed #119570.6 ENJ/USDT @ $1.676380; Commission: $200.445762; Available Cash: $308068.830992; Position: #0.0; Gross P&L : $645.6812400000085; Net P&L : $445.2354780000085
2021-03-10 14:30:00+08:00 - [INFO]: Trade closed, pnl: 645.6812400000085========
2021-03-10 21:15:00+08:00 - [INFO]: BUY order 96 created #123190.4 @ 1.621880
2021-03-10 21:15:00+08:00 - [INFO]: BUY order 96 (MARKET) executed #123190.4 ENJ/USDT @ $1.621880; Commission: $199.800046; Available Cash: $108068.984994; Position: #123190.4; Gross P&L : $0; Net P&L : $-199.800046
2021-03-10 21:30:00+08:00 - [INFO]: SELL order 97 created #121891.0 @ 1.632640
2021-03-10 21:30:00+08:00 - [INFO]: SELL order 97 (LIMIT) executed #121891.0 ENJ/USDT @ $1.639171; Commission: $199.800192; Available Cash: $307669.377163; Position: #1299.4; Gross P&L : $2107.6172809999935; Net P&L : $1907.8170889999935
2021-03-10 21:30:00+08:00 - [INFO]: Trade closed, pnl: 2107.6172809999935========
2021-03-10 21:45:00+08:00 - [INFO]: SELL order 98 created #121350.6 @ 1.639910
2021-03-10 22:00:00+08:00 - [INFO]: SELL order 99 created #120086.7 @ 1.657170
2021-03-10 22:00:00+08:00 - [INFO]: SELL order 99 (LIMIT) executed #1299.4 ENJ/USDT @ $1.663799; Commission: $2.16194; Available Cash: $309829.155644; Position: #0.0; Gross P&L : $54.46954860000005; Net P&L : $52.30760860000005
2021-03-10 22:00:00+08:00 - [INFO]: Trade closed, pnl: 54.46954860000005========
2021-03-11 00:15:00+08:00 - [INFO]: BUY order 100 created #111337.2 @ 1.794550
2021-03-11 00:15:00+08:00 - [INFO]: BUY order 100 (MARKET) executed #111337.2 ENJ/USDT @ $1.794550; Commission: $199.800172; Available Cash: $109829.183212; Position: #111337.2; Gross P&L : $0; Net P&L : $-199.800172
2021-03-11 00:30:00+08:00 - [INFO]: SELL order 101 created #113386.8 @ 1.755090
2021-03-11 00:30:00+08:00 - [INFO]: SELL order 101 (LIMIT) executed #111337.2 ENJ/USDT @ $1.795630; Commission: $199.920416; Available Cash: $309549.679232; Position: #0.0; Gross P&L : $120.24417599999664; Net P&L : $-79.67624000000335
2021-03-11 00:30:00+08:00 - [INFO]: Trade closed, pnl: 120.24417599999664========
2021-03-11 00:45:00+08:00 - [INFO]: BUY order 102 created #115737.6 @ 1.726320
2021-03-11 00:45:00+08:00 - [INFO]: BUY order 102 (MARKET) executed #115737.6 ENJ/USDT @ $1.726320; Commission: $199.800134; Available Cash: $109549.745466; Position: #115737.6; Gross P&L : $0; Net P&L : $-199.800134
2021-03-11 01:00:00+08:00 - [INFO]: SELL order 103 created #115532.1 @ 1.722500
2021-03-11 01:00:00+08:00 - [INFO]: SELL order 103 (LIMIT) executed #115532.1 ENJ/USDT @ $1.729390; Commission: $199.800058; Available Cash: $309150.003827; Position: #205.5; Gross P&L : $354.6835469999892; Net P&L : $154.88348899998917
2021-03-11 01:00:00+08:00 - [INFO]: Trade closed, pnl: 354.6835469999892========
2021-03-11 01:15:00+08:00 - [INFO]: SELL order 104 created #114395.8 @ 1.739610
2021-03-11 01:15:00+08:00 - [INFO]: SELL order 104 (LIMIT) executed #205.5 ENJ/USDT @ $1.746568; Commission: $0.35892; Available Cash: $309508.564631; Position: #0.0; Gross P&L : $4.1609639999999635; Net P&L : $3.8020439999999636
2021-03-11 01:15:00+08:00 - [INFO]: Trade closed, pnl: 4.1609639999999635========
2021-03-11 02:30:00+08:00 - [INFO]: BUY order 105 created #116247.3 @ 1.718750
2021-03-11 02:30:00+08:00 - [INFO]: BUY order 105 (MARKET) executed #116247.3 ENJ/USDT @ $1.718750; Commission: $199.800047; Available Cash: $109508.717709; Position: #116247.3; Gross P&L : $0; Net P&L : $-199.800047
2021-03-11 02:45:00+08:00 - [INFO]: SELL order 106 created #116756.3 @ 1.704440
2021-03-11 02:45:00+08:00 - [INFO]: SELL order 106 (LIMIT) executed #116247.3 ENJ/USDT @ $1.720520; Commission: $200.005805; Available Cash: $309314.5165; Position: #0.0; Gross P&L : $205.75772100000574; Net P&L : $5.751916000005735
2021-03-11 02:45:00+08:00 - [INFO]: Trade closed, pnl: 205.75772100000574========
2021-03-11 03:00:00+08:00 - [INFO]: BUY order 107 created #116608.3 @ 1.713430
2021-03-11 03:00:00+08:00 - [INFO]: BUY order 107 (MARKET) executed #116608.3 ENJ/USDT @ $1.713430; Commission: $199.800159; Available Cash: $109314.556872; Position: #116608.3; Gross P&L : $0; Net P&L : $-199.800159
2021-03-11 03:30:00+08:00 - [INFO]: SELL order 108 created #118267.6 @ 1.682660
2021-03-11 03:30:00+08:00 - [INFO]: SELL order 108 (LIMIT) executed #116608.3 ENJ/USDT @ $1.705050; Commission: $198.822982; Available Cash: $307938.715805; Position: #0.0; Gross P&L : $-977.1775540000064; Net P&L : $-1176.0005360000064
2021-03-11 03:30:00+08:00 - [INFO]: Trade closed, pnl: -977.1775540000064========
2021-03-11 04:15:00+08:00 - [INFO]: BUY order 109 created #116752.0 @ 1.711320
2021-03-11 04:15:00+08:00 - [INFO]: BUY order 109 (MARKET) executed #116752.0 ENJ/USDT @ $1.711320; Commission: $199.800033; Available Cash: $107938.883132; Position: #116752.0; Gross P&L : $0; Net P&L : $-199.800033
2021-03-11 04:30:00+08:00 - [INFO]: SELL order 110 created #115653.0 @ 1.720700
2021-03-11 04:30:00+08:00 - [INFO]: SELL order 110 (LIMIT) executed #115653.0 ENJ/USDT @ $1.727583; Commission: $199.800157; Available Cash: $307539.239674; Position: #1099.0; Gross P&L : $1880.864739000016; Net P&L : $1681.064582000016
2021-03-11 04:30:00+08:00 - [INFO]: Trade closed, pnl: 1880.864739000016========
2021-03-11 05:30:00+08:00 - [INFO]: SELL order 111 created #119708.2 @ 1.662410
2021-03-11 05:30:00+08:00 - [INFO]: SELL order 111 (LIMIT) executed #1099.0 ENJ/USDT @ $1.685280; Commission: $1.852123; Available Cash: $309389.510271; Position: #0.0; Gross P&L : $-28.617960000000068; Net P&L : $-30.470083000000066
2021-03-11 05:30:00+08:00 - [INFO]: Trade closed, pnl: -28.617960000000068========
2021-03-11 05:45:00+08:00 - [INFO]: BUY order 112 created #120005.1 @ 1.664930
2021-03-11 05:45:00+08:00 - [INFO]: BUY order 112 (MARKET) executed #120005.1 ENJ/USDT @ $1.664930; Commission: $199.800091; Available Cash: $109389.619037; Position: #120005.1; Gross P&L : $0; Net P&L : $-199.800091
2021-03-11 06:00:00+08:00 - [INFO]: SELL order 113 created #119186.3 @ 1.669690
2021-03-11 06:15:00+08:00 - [INFO]: SELL order 114 created #118610.1 @ 1.677800
2021-03-11 06:15:00+08:00 - [INFO]: SELL order 114 (LIMIT) executed #118610.1 ENJ/USDT @ $1.684511; Commission: $199.800018; Available Cash: $308989.83718; Position: #1395.0; Gross P&L : $2322.5043681000084; Net P&L : $2122.7043501000085
2021-03-11 06:15:00+08:00 - [INFO]: Trade closed, pnl: 2322.5043681000084========
2021-03-11 07:00:00+08:00 - [INFO]: SELL order 115 created #118113.8 @ 1.684850
2021-03-11 07:30:00+08:00 - [INFO]: SELL order 116 created #119793.2 @ 1.661230
2021-03-11 07:30:00+08:00 - [INFO]: SELL order 116 (LIMIT) executed #1395.0 ENJ/USDT @ $1.683520; Commission: $2.34851; Available Cash: $311335.99907; Position: #0.0; Gross P&L : $25.933049999999838; Net P&L : $23.584539999999837
2021-03-11 07:30:00+08:00 - [INFO]: Trade closed, pnl: 25.933049999999838========
2021-03-11 08:45:00+08:00 - [INFO]: BUY order 117 created #121787.8 @ 1.640560
2021-03-11 08:45:00+08:00 - [INFO]: BUY order 117 (MARKET) executed #121787.8 ENJ/USDT @ $1.640560; Commission: $199.800193; Available Cash: $111336.005709; Position: #121787.8; Gross P&L : $0; Net P&L : $-199.800193
2021-03-11 10:00:00+08:00 - [INFO]: SELL order 118 created #120284.1 @ 1.654450
2021-03-11 10:15:00+08:00 - [INFO]: SELL order 119 created #119277.7 @ 1.668410
2021-03-11 10:30:00+08:00 - [INFO]: SELL order 120 created #119312.7 @ 1.667920
2021-03-11 10:45:00+08:00 - [INFO]: SELL order 121 created #119045.8 @ 1.671660
2021-03-11 11:00:00+08:00 - [INFO]: SELL order 122 created #119840.8 @ 1.660570
2021-03-11 11:00:00+08:00 - [INFO]: SELL order 122 (LIMIT) executed #119840.8 ENJ/USDT @ $1.671660; Commission: $200.333072; Available Cash: $311468.744365; Position: #1947.0; Gross P&L : $3727.048879999989; Net P&L : $3526.715807999989
2021-03-11 11:00:00+08:00 - [INFO]: Trade closed, pnl: 3727.048879999989========
2021-03-11 11:15:00+08:00 - [INFO]: SELL order 123 created #120662.7 @ 1.649260
2021-03-11 11:15:00+08:00 - [INFO]: SELL order 123 (LIMIT) executed #1947.0 ENJ/USDT @ $1.660210; Commission: $3.232429; Available Cash: $314697.940806; Position: #0.0; Gross P&L : $38.25854999999989; Net P&L : $35.02612099999989
2021-03-11 11:15:00+08:00 - [INFO]: Trade closed, pnl: 38.25854999999989========
2021-03-11 16:30:00+08:00 - [INFO]: BUY order 124 created #108698.7 @ 1.838110
2021-03-11 16:30:00+08:00 - [INFO]: BUY order 124 (MARKET) executed #108698.7 ENJ/USDT @ $1.838110; Commission: $199.800167; Available Cash: $114697.973182; Position: #108698.7; Gross P&L : $0; Net P&L : $-199.800167
2021-03-11 17:00:00+08:00 - [INFO]: SELL order 125 created #106057.5 @ 1.876380
2021-03-11 17:00:00+08:00 - [INFO]: SELL order 125 (LIMIT) executed #106057.5 ENJ/USDT @ $1.883886; Commission: $199.800239; Available Cash: $314298.412388; Position: #2641.2; Gross P&L : $4854.888120000004; Net P&L : $4655.087881000004
2021-03-11 17:00:00+08:00 - [INFO]: Trade closed, pnl: 4854.888120000004========
2021-03-11 17:15:00+08:00 - [INFO]: SELL order 126 created #107022.5 @ 1.859460
2021-03-11 17:15:00+08:00 - [INFO]: SELL order 126 (LIMIT) executed #2641.2 ENJ/USDT @ $1.873570; Commission: $4.948473; Available Cash: $319241.936999; Position: #0.0; Gross P&L : $93.65695200000012; Net P&L : $88.70847900000012
2021-03-11 17:15:00+08:00 - [INFO]: Trade closed, pnl: 93.65695200000012========
2021-03-11 17:45:00+08:00 - [INFO]: BUY order 127 created #109357.9 @ 1.827030
2021-03-11 17:45:00+08:00 - [INFO]: BUY order 127 (MARKET) executed #109357.9 ENJ/USDT @ $1.827030; Commission: $199.800164; Available Cash: $119241.972798; Position: #109357.9; Gross P&L : $0; Net P&L : $-199.800164
2021-03-11 18:00:00+08:00 - [INFO]: SELL order 128 created #108109.2 @ 1.840770
2021-03-11 18:00:00+08:00 - [INFO]: SELL order 128 (LIMIT) executed #108109.2 ENJ/USDT @ $1.848133; Commission: $199.80018; Available Cash: $318842.352742; Position: #1248.7; Gross P&L : $2281.4284476000103; Net P&L : $2081.62826760001
2021-03-11 18:00:00+08:00 - [INFO]: Trade closed, pnl: 2281.4284476000103========
2021-03-11 18:15:00+08:00 - [INFO]: SELL order 129 created #107919.8 @ 1.844000
2021-03-11 18:15:00+08:00 - [INFO]: SELL order 129 (LIMIT) executed #1248.7 ENJ/USDT @ $1.851376; Commission: $2.311813; Available Cash: $321151.85414; Position: #0.0; Gross P&L : $30.400850199999976; Net P&L : $28.089037199999975
2021-03-11 18:15:00+08:00 - [INFO]: Trade closed, pnl: 30.400850199999976========
2021-03-11 18:30:00+08:00 - [INFO]: BUY order 130 created #109178.0 @ 1.830040
2021-03-11 18:30:00+08:00 - [INFO]: BUY order 130 (MARKET) executed #109178.0 ENJ/USDT @ $1.830040; Commission: $199.800107; Available Cash: $121151.946913; Position: #109178.0; Gross P&L : $0; Net P&L : $-199.800107
2021-03-11 19:00:00+08:00 - [INFO]: SELL order 131 created #109209.1 @ 1.822230
2021-03-11 19:00:00+08:00 - [INFO]: SELL order 131 (LIMIT) executed #109178.0 ENJ/USDT @ $1.829519; Commission: $199.743225; Available Cash: $320695.42907; Position: #0.0; Gross P&L : $-56.88173799999931; Net P&L : $-256.6249629999993
2021-03-11 19:00:00+08:00 - [INFO]: Trade closed, pnl: -56.88173799999931========
2021-03-11 19:15:00+08:00 - [INFO]: BUY order 132 created #108592.3 @ 1.839910
2021-03-11 19:15:00+08:00 - [INFO]: BUY order 132 (MARKET) executed #108592.3 ENJ/USDT @ $1.839910; Commission: $199.800059; Available Cash: $120695.570318; Position: #108592.3; Gross P&L : $0; Net P&L : $-199.800059
2021-03-11 20:00:00+08:00 - [INFO]: SELL order 133 created #108015.3 @ 1.842370
2021-03-11 20:00:00+08:00 - [INFO]: SELL order 133 (LIMIT) executed #108015.3 ENJ/USDT @ $1.849739; Commission: $199.800113; Available Cash: $320295.883212; Position: #577.0; Gross P&L : $1061.6823837000095; Net P&L : $861.8822707000095
2021-03-11 20:00:00+08:00 - [INFO]: Trade closed, pnl: 1061.6823837000095========
2021-03-11 20:45:00+08:00 - [INFO]: SELL order 134 created #105090.2 @ 1.893650
2021-03-11 20:45:00+08:00 - [INFO]: SELL order 134 (LIMIT) executed #577.0 ENJ/USDT @ $1.921760; Commission: $1.108856; Available Cash: $321403.629876; Position: #0.0; Gross P&L : $47.22744999999999; Net P&L : $46.11859399999999
2021-03-11 20:45:00+08:00 - [INFO]: Trade closed, pnl: 47.22744999999999========
2021-03-11 21:00:00+08:00 - [INFO]: BUY order 135 created #104514.4 @ 1.911700
2021-03-11 21:00:00+08:00 - [INFO]: BUY order 135 (MARKET) executed #104514.4 ENJ/USDT @ $1.911700; Commission: $199.800178; Available Cash: $121403.651218; Position: #104514.4; Gross P&L : $0; Net P&L : $-199.800178
2021-03-12 00:00:00+08:00 - [INFO]: finish
